TN:
SF:/home/xavier/git/tests/myfox-wrapper-api/lib/common-api.js
FN:18,_notImplemented
FN:49,MyfoxWrapperApiCommon
FN:138,(anonymous_10)
FN:145,tryToAuthenticate
FN:146,(anonymous_12)
FN:167,(anonymous_13)
FN:176,(anonymous_14)
FN:274,(anonymous_21)
FN:296,(anonymous_23)
FNF:9
FNH:7
FNDA:0,_notImplemented
FNDA:55,MyfoxWrapperApiCommon
FNDA:1,(anonymous_10)
FNDA:12,tryToAuthenticate
FNDA:12,(anonymous_12)
FNDA:6,(anonymous_13)
FNDA:0,(anonymous_14)
FNDA:2,(anonymous_21)
FNDA:5,(anonymous_23)
DA:18,0
DA:19,0
DA:49,1
DA:54,55
DA:136,7
DA:147,12
DA:148,8
DA:170,6
DA:234,5
DA:256,6
DA:271,2
DA:292,6
DA:297,5
LF:13
LH:11
BRDA:19,1,0,0
BRDA:19,1,1,0
BRDA:19,2,0,0
BRDA:19,2,1,0
BRDA:54,3,0,8
BRDA:54,3,1,47
BRDA:54,4,0,55
BRDA:54,4,1,55
BRDA:136,5,0,1
BRDA:136,5,1,6
BRDA:147,6,0,8
BRDA:147,6,1,4
BRDA:148,7,0,7
BRDA:148,7,1,1
BRDA:170,8,0,5
BRDA:170,8,1,1
BRDA:234,9,0,0
BRDA:234,9,1,5
BRDA:234,10,0,5
BRDA:234,10,1,5
BRDA:256,11,0,1
BRDA:256,11,1,5
BRDA:271,12,0,0
BRDA:271,12,1,2
BRDA:291,13,0,0
BRDA:291,14,0,0
BRDA:291,15,0,0
BRDA:292,16,0,0
BRDA:292,16,1,6
BRDA:297,17,0,1
BRDA:297,17,1,4
BRDA:335,18,0,0
BRDA:335,19,0,0
BRDA:335,20,0,0
BRDA:335,20,1,0
BRDA:352,21,0,0
BRDA:352,22,0,0
BRDA:352,23,0,0
BRDA:352,23,1,0
BRF:39
BRH:21
end_of_record
TN:
SF:/home/xavier/git/tests/myfox-wrapper-api/lib/persistent-state.js
FN:13,PersistentState
FN:50,(anonymous_11)
FN:60,persistentState
FNF:3
FNH:3
FNDA:281,PersistentState
FNDA:6,(anonymous_11)
FNDA:281,persistentState
DA:13,1
DA:32,11
DA:47,22
DA:48,16
DA:60,1
LF:5
LH:5
BRDA:32,1,0,10
BRDA:32,1,1,1
BRDA:32,2,0,11
BRDA:32,2,1,11
BRDA:46,3,0,18
BRDA:46,4,0,22
BRDA:46,4,1,4
BRDA:47,5,0,16
BRDA:47,5,1,6
BRDA:48,6,0,8
BRDA:48,6,1,8
BRDA:48,7,0,16
BRDA:48,7,1,14
BRF:13
BRH:13
end_of_record
TN:
SF:/home/xavier/git/tests/myfox-wrapper-api/lib/index.js
FN:24,myfoxWrapperApi
FNF:1
FNH:1
FNDA:15,myfoxWrapperApi
DA:28,11
LF:1
LH:1
BRDA:28,1,0,4
BRDA:28,1,1,7
BRDA:28,2,0,11
BRDA:28,2,1,11
BRDA:33,3,0,1
BRDA:33,3,1,8
BRDA:33,3,2,1
BRDA:33,3,3,1
BRDA:33,3,4,0
BRF:9
BRH:8
end_of_record
TN:
SF:/home/xavier/git/tests/myfox-wrapper-api/lib/rest-api.js
FN:10,myfoxWrapperApiRest
FNF:1
FNH:1
FNDA:13,myfoxWrapperApiRest
DA:10,1
LF:1
LH:1
BRF:0
BRH:0
end_of_record
TN:
SF:/home/xavier/git/tests/myfox-wrapper-api/lib/html-api.js
FN:34,MyfoxWrapperApiHtml
FN:60,(anonymous_12)
FN:76,(anonymous_13)
FN:84,(anonymous_14)
FN:119,(anonymous_16)
FN:134,(anonymous_17)
FN:160,(anonymous_19)
FN:170,(anonymous_20)
FN:232,(anonymous_24)
FN:242,(anonymous_25)
FN:254,(anonymous_26)
FN:316,(anonymous_30)
FN:323,(anonymous_31)
FN:335,(anonymous_32)
FN:344,myfoxWrapperApiHtml
FNF:15
FNH:8
FNDA:26,MyfoxWrapperApiHtml
FNDA:0,(anonymous_12)
FNDA:0,(anonymous_13)
FNDA:0,(anonymous_14)
FNDA:0,(anonymous_16)
FNDA:0,(anonymous_17)
FNDA:0,(anonymous_19)
FNDA:0,(anonymous_20)
FNDA:4,(anonymous_24)
FNDA:5,(anonymous_25)
FNDA:1,(anonymous_26)
FNDA:4,(anonymous_30)
FNDA:5,(anonymous_31)
FNDA:1,(anonymous_32)
FNDA:26,myfoxWrapperApiHtml
DA:34,1
DA:36,26
DA:53,0
DA:61,0
DA:63,0
DA:77,0
DA:85,0
DA:120,0
DA:121,0
DA:124,0
DA:135,0
DA:190,1
DA:200,3
DA:205,2
DA:226,6
DA:229,10
DA:238,6
DA:249,5
DA:274,1
DA:284,3
DA:289,2
DA:310,6
DA:313,10
DA:330,5
DA:344,1
LF:25
LH:16
BRDA:52,1,0,0
BRDA:52,1,1,0
BRDA:63,2,0,0
BRDA:63,2,1,0
BRDA:77,3,0,0
BRDA:77,3,1,0
BRDA:85,4,0,0
BRDA:85,4,1,0
BRDA:85,5,0,0
BRDA:85,5,1,0
BRDA:120,6,0,0
BRDA:120,6,1,0
BRDA:121,7,0,0
BRDA:121,7,1,0
BRDA:121,8,0,0
BRDA:121,8,1,0
BRDA:124,9,0,0
BRDA:124,9,1,0
BRDA:124,10,0,0
BRDA:124,10,1,0
BRDA:124,10,2,0
BRDA:129,11,0,0
BRDA:129,11,1,0
BRDA:135,12,0,0
BRDA:135,12,1,0
BRDA:135,13,0,0
BRDA:135,13,1,0
BRDA:190,14,0,3
BRDA:190,15,0,5
BRDA:190,16,0,6
BRDA:190,16,1,1
BRDA:205,17,0,1
BRDA:205,17,1,1
BRDA:205,18,0,2
BRDA:205,18,1,1
BRDA:206,19,0,1
BRDA:206,19,1,1
BRDA:226,20,0,0
BRDA:226,21,0,2
BRDA:226,22,0,10
BRDA:226,22,1,8
BRDA:229,23,0,4
BRDA:229,23,1,6
BRDA:238,24,0,4
BRDA:238,24,1,2
BRDA:241,25,0,4
BRDA:241,25,1,2
BRDA:246,26,0,2
BRDA:246,26,1,3
BRDA:249,27,0,2
BRDA:249,27,1,3
BRDA:274,28,0,3
BRDA:274,29,0,5
BRDA:274,30,0,6
BRDA:274,30,1,1
BRDA:289,31,0,1
BRDA:289,31,1,1
BRDA:289,32,0,2
BRDA:289,32,1,1
BRDA:290,33,0,1
BRDA:290,33,1,1
BRDA:310,34,0,0
BRDA:310,35,0,2
BRDA:310,36,0,10
BRDA:310,36,1,8
BRDA:313,37,0,4
BRDA:313,37,1,6
BRDA:327,38,0,2
BRDA:327,38,1,3
BRDA:330,39,0,2
BRDA:330,39,1,3
BRF:71
BRH:42
end_of_record
TN:
SF:/home/xavier/git/tests/myfox-wrapper-api/lib/html-parsers/index.js
FN:24,httpsRequest
FN:51,(anonymous_3)
FN:87,(anonymous_4)
FN:97,(anonymous_5)
FN:106,(anonymous_6)
FN:111,(anonymous_7)
FN:141,trumpetInnerText
FN:142,(anonymous_9)
FN:146,(anonymous_10)
FN:149,(anonymous_11)
FN:152,(anonymous_12)
FN:164,trumpetClasses
FN:165,(anonymous_14)
FN:166,(anonymous_15)
FN:179,trumpetAttr
FN:180,(anonymous_17)
FN:181,(anonymous_18)
FNF:17
FNH:10
FNDA:0,httpsRequest
FNDA:0,(anonymous_3)
FNDA:0,(anonymous_4)
FNDA:0,(anonymous_5)
FNDA:0,(anonymous_6)
FNDA:0,(anonymous_7)
FNDA:32,trumpetInnerText
FNDA:60,(anonymous_9)
FNDA:60,(anonymous_10)
FNDA:60,(anonymous_11)
FNDA:0,(anonymous_12)
FNDA:14,trumpetClasses
FNDA:25,(anonymous_14)
FNDA:25,(anonymous_15)
FNDA:26,trumpetAttr
FNDA:51,(anonymous_17)
FNDA:51,(anonymous_18)
DA:24,1
DA:26,0
DA:27,0
DA:35,0
DA:40,0
DA:54,0
DA:61,0
DA:69,0
DA:76,0
DA:78,0
DA:92,0
DA:96,0
DA:98,0
DA:103,0
DA:117,0
DA:122,0
DA:128,0
DA:141,1
DA:164,1
DA:179,1
LF:20
LH:4
BRDA:26,1,0,0
BRDA:26,1,1,0
BRDA:29,2,0,0
BRDA:29,2,1,0
BRDA:29,3,0,0
BRDA:29,3,1,0
BRDA:29,3,2,0
BRDA:29,3,3,0
BRDA:35,4,0,0
BRDA:35,4,1,0
BRDA:35,5,0,0
BRDA:35,5,1,0
BRDA:35,5,2,0
BRDA:41,6,0,0
BRDA:41,6,1,0
BRDA:41,7,0,0
BRDA:41,7,1,0
BRDA:41,7,2,0
BRDA:51,8,0,0
BRDA:51,8,1,0
BRDA:54,9,0,0
BRDA:54,9,1,0
BRDA:61,10,0,0
BRDA:61,10,1,0
BRDA:61,11,0,0
BRDA:61,11,1,0
BRDA:69,12,0,0
BRDA:69,12,1,0
BRDA:69,13,0,0
BRDA:69,13,1,0
BRDA:69,13,2,0
BRDA:76,14,0,0
BRDA:76,14,1,0
BRDA:78,15,0,0
BRDA:78,15,1,0
BRDA:98,16,0,0
BRDA:98,16,1,0
BRDA:103,17,0,0
BRDA:103,17,1,0
BRDA:103,18,0,0
BRDA:103,18,1,0
BRDA:117,19,0,0
BRDA:117,19,1,0
BRDA:117,20,0,0
BRDA:117,20,1,0
BRDA:122,21,0,0
BRDA:122,21,1,0
BRDA:122,22,0,0
BRDA:122,22,1,0
BRDA:122,22,2,0
BRDA:122,22,3,0
BRDA:128,23,0,0
BRDA:128,23,1,0
BRDA:128,24,0,0
BRDA:128,24,1,0
BRF:55
BRH:0
end_of_record
TN:
SF:/home/xavier/git/tests/myfox-wrapper-api/lib/html-parsers/false-error-codes.js
FN:8,notFound200
FN:10,(anonymous_3)
FN:23,codeKo200
FN:25,(anonymous_5)
FNF:4
FNH:0
FNDA:0,notFound200
FNDA:0,(anonymous_3)
FNDA:0,codeKo200
FNDA:0,(anonymous_5)
DA:12,0
DA:26,0
LF:2
LH:0
BRDA:12,1,0,0
BRDA:12,1,1,0
BRDA:26,2,0,0
BRDA:26,2,1,0
BRF:4
BRH:0
end_of_record
TN:
SF:/home/xavier/git/tests/myfox-wrapper-api/lib/html-parsers/home.js
FN:20,(anonymous_1)
FN:41,(anonymous_2)
FN:45,(anonymous_3)
FN:61,(anonymous_4)
FN:66,(anonymous_5)
FN:82,(anonymous_6)
FN:88,(anonymous_7)
FN:92,(anonymous_8)
FN:95,(anonymous_9)
FN:100,(anonymous_10)
FN:103,(anonymous_11)
FN:108,(anonymous_12)
FN:111,(anonymous_13)
FN:114,(anonymous_14)
FN:117,(anonymous_15)
FN:122,(anonymous_16)
FN:125,(anonymous_17)
FN:128,(anonymous_18)
FN:143,(anonymous_19)
FNF:19
FNH:19
FNDA:4,(anonymous_1)
FNDA:12,(anonymous_2)
FNDA:36,(anonymous_3)
FNDA:4,(anonymous_4)
FNDA:4,(anonymous_5)
FNDA:17,(anonymous_6)
FNDA:5,(anonymous_7)
FNDA:12,(anonymous_8)
FNDA:12,(anonymous_9)
FNDA:5,(anonymous_10)
FNDA:5,(anonymous_11)
FNDA:8,(anonymous_12)
FNDA:8,(anonymous_13)
FNDA:8,(anonymous_14)
FNDA:8,(anonymous_15)
FNDA:8,(anonymous_16)
FNDA:8,(anonymous_17)
FNDA:8,(anonymous_18)
FNDA:3,(anonymous_19)
DA:22,4
DA:47,36
DA:51,36
DA:55,12
DA:67,4
DA:69,4
DA:71,2
DA:82,4
DA:88,4
DA:92,4
DA:95,4
DA:100,4
DA:103,4
DA:111,4
DA:114,4
DA:122,4
DA:125,4
DA:128,4
DA:130,8
DA:132,8
DA:134,2
DA:136,2
LF:22
LH:22
BRDA:47,1,0,12
BRDA:47,1,1,24
BRDA:47,2,0,36
BRDA:47,2,1,12
BRDA:48,3,0,12
BRDA:48,3,1,12
BRDA:51,4,0,12
BRDA:51,4,1,24
BRDA:51,5,0,36
BRDA:51,5,1,12
BRDA:52,6,0,12
BRDA:52,6,1,12
BRDA:55,7,0,12
BRDA:55,7,1,0
BRDA:55,8,0,12
BRDA:55,8,1,12
BRDA:67,9,0,0
BRDA:67,9,1,4
BRDA:69,10,0,2
BRDA:69,10,1,2
BRDA:71,11,0,2
BRDA:71,11,1,0
BRDA:130,12,0,0
BRDA:130,12,1,8
BRDA:132,13,0,6
BRDA:132,13,1,2
BRDA:134,14,0,0
BRDA:134,14,1,2
BRDA:136,15,0,2
BRDA:136,15,1,0
BRF:30
BRH:24
end_of_record
TN:
SF:/home/xavier/git/tests/myfox-wrapper-api/lib/html-parsers/scenario-action.js
FN:16,(anonymous_1)
FN:20,(anonymous_2)
FNF:2
FNH:2
FNDA:10,(anonymous_1)
FNDA:3,(anonymous_2)
DA:21,3
DA:23,2
LF:2
LH:2
BRDA:21,1,0,1
BRDA:21,1,1,2
BRDA:23,2,0,1
BRDA:23,2,1,1
BRF:4
BRH:4
end_of_record
TN:
SF:/home/xavier/git/tests/myfox-wrapper-api/lib/html-parsers/domotic-action.js
FN:16,(anonymous_1)
FN:21,(anonymous_2)
FNF:2
FNH:1
FNDA:6,(anonymous_1)
FNDA:0,(anonymous_2)
DA:22,0
DA:24,0
LF:2
LH:0
BRDA:22,1,0,0
BRDA:22,1,1,0
BRDA:24,2,0,0
BRDA:24,2,1,0
BRF:4
BRH:0
end_of_record
TN:
SF:/home/xavier/git/tests/myfox-wrapper-api/server/controller-express-v1.js
FN:22,(anonymous_3)
FN:29,(anonymous_4)
FN:34,(anonymous_5)
FN:39,(anonymous_6)
FN:44,(anonymous_7)
FN:49,(anonymous_8)
FN:56,test
FNF:7
FNH:1
FNDA:0,(anonymous_3)
FNDA:0,(anonymous_4)
FNDA:0,(anonymous_5)
FNDA:0,(anonymous_6)
FNDA:0,(anonymous_7)
FNDA:0,(anonymous_8)
FNDA:1,test
DA:16,1
DA:21,4
DA:28,4
DA:33,4
DA:38,4
DA:43,4
DA:48,4
LF:7
LH:7
BRDA:18,1,0,4
BRDA:18,1,1,1
BRDA:21,2,0,1
BRDA:21,2,1,3
BRDA:21,3,0,4
BRDA:21,3,1,4
BRDA:23,4,0,0
BRDA:23,4,1,0
BRDA:28,5,0,2
BRDA:28,5,1,2
BRDA:28,6,0,4
BRDA:28,6,1,4
BRDA:30,7,0,0
BRDA:30,7,1,0
BRDA:33,8,0,2
BRDA:33,8,1,2
BRDA:33,9,0,4
BRDA:33,9,1,4
BRDA:35,10,0,0
BRDA:35,10,1,0
BRDA:38,11,0,0
BRDA:38,11,1,4
BRDA:38,12,0,4
BRDA:38,12,1,4
BRDA:40,13,0,0
BRDA:40,13,1,0
BRDA:43,14,0,0
BRDA:43,14,1,4
BRDA:43,15,0,4
BRDA:43,15,1,4
BRDA:45,16,0,0
BRDA:45,16,1,0
BRDA:48,17,0,0
BRDA:48,17,1,4
BRDA:48,18,0,4
BRDA:48,18,1,4
BRDA:50,19,0,0
BRDA:50,19,1,0
BRF:38
BRH:23
end_of_record
TN:
SF:/home/xavier/git/tests/myfox-wrapper-api/server/credentials-prompter.js
FN:7,prompter
FNF:1
FNH:1
FNDA:4,prompter
DA:7,1
DA:9,4
DA:16,0
DA:19,0
DA:24,0
DA:32,0
DA:37,0
LF:7
LH:2
BRDA:9,1,0,4
BRDA:9,1,1,0
BRDA:16,2,0,0
BRDA:16,2,1,0
BRDA:16,3,0,0
BRDA:16,3,1,0
BRDA:19,4,0,0
BRDA:19,4,1,0
BRDA:19,5,0,0
BRDA:19,5,1,0
BRDA:24,6,0,0
BRDA:24,6,1,0
BRDA:24,7,0,0
BRDA:24,7,1,0
BRDA:24,7,2,0
BRDA:32,8,0,0
BRDA:32,8,1,0
BRDA:32,9,0,0
BRDA:32,9,1,0
BRDA:37,10,0,0
BRDA:37,10,1,0
BRF:21
BRH:1
end_of_record
TN:
SF:/home/xavier/git/tests/myfox-wrapper-api/server/routes-v1.js
FN:9,pre
FN:14,express
FN:18,hapi
FN:27,express
FN:28,(anonymous_6)
FN:35,hapi
FN:36,(anonymous_8)
FN:51,express
FN:53,(anonymous_10)
FN:60,hapi
FN:62,(anonymous_12)
FN:77,express
FN:79,(anonymous_14)
FN:86,hapi
FN:88,(anonymous_16)
FNF:15
FNH:0
FNDA:0,pre
FNDA:0,express
FNDA:0,hapi
FNDA:0,express
FNDA:0,(anonymous_6)
FNDA:0,hapi
FNDA:0,(anonymous_8)
FNDA:0,express
FNDA:0,(anonymous_10)
FNDA:0,hapi
FNDA:0,(anonymous_12)
FNDA:0,express
FNDA:0,(anonymous_14)
FNDA:0,hapi
FNDA:0,(anonymous_16)
DA:29,0
DA:37,0
DA:54,0
DA:63,0
DA:80,0
DA:89,0
LF:6
LH:0
BRDA:29,1,0,0
BRDA:29,1,1,0
BRDA:37,2,0,0
BRDA:37,2,1,0
BRDA:54,3,0,0
BRDA:54,3,1,0
BRDA:63,4,0,0
BRDA:63,4,1,0
BRDA:80,5,0,0
BRDA:80,5,1,0
BRDA:89,6,0,0
BRDA:89,6,1,0
BRF:12
BRH:0
end_of_record
TN:
SF:/home/xavier/git/tests/myfox-wrapper-api/server/application-express.js
FNF:0
FNH:0
DA:21,1
LF:1
LH:1
BRDA:13,1,0,1
BRDA:13,1,1,1
BRDA:21,2,0,0
BRDA:21,2,1,1
BRDA:22,3,0,0
BRDA:22,3,1,0
BRF:6
BRH:3
end_of_record
TN:
SF:/home/xavier/git/tests/myfox-wrapper-api/server/application-hapi.js
FN:13,ApplicationHapi
FN:40,(anonymous_7)
FN:45,(anonymous_8)
FN:51,(anonymous_9)
FN:56,(anonymous_10)
FN:75,(anonymous_11)
FNF:6
FNH:6
FNDA:3,ApplicationHapi
FNDA:3,(anonymous_7)
FNDA:3,(anonymous_8)
FNDA:3,(anonymous_9)
FNDA:3,(anonymous_10)
FNDA:3,(anonymous_11)
DA:13,1
DA:17,3
LF:2
LH:2
BRDA:17,1,0,0
BRDA:17,1,1,3
BRF:2
BRH:1
end_of_record
TN:
SF:/home/xavier/git/tests/myfox-wrapper-api/server/controller-hapi-v1.js
FN:8,(anonymous_2)
FN:23,method
FN:24,(anonymous_6)
FN:34,handler
FN:46,handler
FN:58,handler
FN:70,handler
FN:82,handler
FN:95,handler
FNF:9
FNH:2
FNDA:3,(anonymous_2)
FNDA:0,method
FNDA:0,(anonymous_6)
FNDA:0,handler
FNDA:0,handler
FNDA:0,handler
FNDA:0,handler
FNDA:0,handler
FNDA:1,handler
DA:16,3
DA:21,12
DA:28,12
DA:40,12
DA:52,12
DA:64,12
DA:76,12
LF:7
LH:7
BRDA:21,1,0,3
BRDA:21,1,1,9
BRDA:21,2,0,12
BRDA:21,2,1,12
BRDA:22,3,0,3
BRDA:22,3,1,3
BRDA:28,4,0,6
BRDA:28,4,1,6
BRDA:28,5,0,12
BRDA:28,5,1,12
BRDA:30,6,0,6
BRDA:30,6,1,3
BRDA:35,7,0,0
BRDA:35,7,1,0
BRDA:40,8,0,6
BRDA:40,8,1,6
BRDA:40,9,0,12
BRDA:40,9,1,12
BRDA:42,10,0,6
BRDA:42,10,1,0
BRDA:47,11,0,0
BRDA:47,11,1,0
BRDA:52,12,0,0
BRDA:52,12,1,12
BRDA:52,13,0,12
BRDA:52,13,1,12
BRDA:54,14,0,0
BRDA:54,14,1,0
BRDA:59,15,0,0
BRDA:59,15,1,0
BRDA:64,16,0,0
BRDA:64,16,1,12
BRDA:64,17,0,12
BRDA:64,17,1,12
BRDA:66,18,0,0
BRDA:66,18,1,0
BRDA:71,19,0,0
BRDA:71,19,1,0
BRDA:76,20,0,0
BRDA:76,20,1,12
BRDA:76,21,0,12
BRDA:76,21,1,12
BRDA:78,22,0,0
BRDA:78,22,1,0
BRDA:83,23,0,0
BRDA:83,23,1,0
BRF:46
BRH:26
end_of_record
