TN:
SF:d:\node\myfox-wrapper-api\lib\html-parsers\index.js
FN:24,httpsRequest
FN:51,(anonymous_3)
FN:87,(anonymous_4)
FN:97,(anonymous_5)
FN:106,(anonymous_6)
FN:111,(anonymous_7)
FN:141,trumpetInnerText
FN:142,(anonymous_9)
FN:146,(anonymous_10)
FN:149,(anonymous_11)
FN:152,(anonymous_12)
FN:159,trumpetClasses
FN:160,(anonymous_14)
FN:161,(anonymous_15)
FNF:14
FNH:4
FNDA:0,httpsRequest
FNDA:0,(anonymous_3)
FNDA:0,(anonymous_4)
FNDA:0,(anonymous_5)
FNDA:0,(anonymous_6)
FNDA:0,(anonymous_7)
FNDA:3,trumpetInnerText
FNDA:1,(anonymous_9)
FNDA:1,(anonymous_10)
FNDA:1,(anonymous_11)
FNDA:0,(anonymous_12)
FNDA:0,trumpetClasses
FNDA:0,(anonymous_14)
FNDA:0,(anonymous_15)
DA:3,1
DA:4,1
DA:5,1
DA:6,1
DA:7,1
DA:8,1
DA:24,1
DA:26,0
DA:27,0
DA:29,0
DA:36,0
DA:37,0
DA:40,0
DA:41,0
DA:42,0
DA:51,0
DA:54,0
DA:55,0
DA:56,0
DA:57,0
DA:62,0
DA:63,0
DA:64,0
DA:69,0
DA:70,0
DA:75,0
DA:76,0
DA:77,0
DA:78,0
DA:79,0
DA:81,0
DA:86,0
DA:87,0
DA:88,0
DA:91,0
DA:92,0
DA:95,0
DA:96,0
DA:98,0
DA:99,0
DA:103,0
DA:105,0
DA:106,0
DA:107,0
DA:111,0
DA:112,0
DA:117,0
DA:118,0
DA:120,0
DA:122,0
DA:123,0
DA:125,0
DA:127,0
DA:128,0
DA:129,0
DA:131,0
DA:141,1
DA:142,3
DA:143,1
DA:144,1
DA:145,1
DA:146,1
DA:147,1
DA:149,1
DA:150,1
DA:152,1
DA:153,0
DA:159,1
DA:160,0
DA:161,0
DA:162,0
LF:71
LH:18
BRDA:26,1,0,0
BRDA:26,1,1,0
BRDA:29,2,0,0
BRDA:29,2,1,0
BRDA:29,3,0,0
BRDA:29,3,1,0
BRDA:29,3,2,0
BRDA:29,3,3,0
BRDA:24,4,0,0
BRDA:24,4,1,0
BRDA:35,5,0,0
BRDA:35,5,1,0
BRDA:35,5,2,0
BRDA:41,6,0,0
BRDA:41,6,1,0
BRDA:41,7,0,0
BRDA:41,7,1,0
BRDA:41,7,2,0
BRDA:51,8,0,0
BRDA:51,8,1,0
BRDA:54,9,0,0
BRDA:54,9,1,0
BRDA:51,10,0,0
BRDA:51,10,1,0
BRDA:61,11,0,0
BRDA:61,11,1,0
BRDA:69,12,0,0
BRDA:69,12,1,0
BRDA:69,13,0,0
BRDA:69,13,1,0
BRDA:69,13,2,0
BRDA:76,14,0,0
BRDA:76,14,1,0
BRDA:78,15,0,0
BRDA:78,15,1,0
BRDA:98,16,0,0
BRDA:98,16,1,0
BRDA:103,17,0,0
BRDA:103,17,1,0
BRDA:103,18,0,0
BRDA:103,18,1,0
BRDA:117,19,0,0
BRDA:117,19,1,0
BRDA:117,20,0,0
BRDA:117,20,1,0
BRDA:122,21,0,0
BRDA:122,21,1,0
BRDA:122,22,0,0
BRDA:122,22,1,0
BRDA:122,22,2,0
BRDA:122,22,3,0
BRDA:128,23,0,0
BRDA:128,23,1,0
BRDA:128,24,0,0
BRDA:128,24,1,0
BRF:55
BRH:0
end_of_record
TN:
SF:d:\node\myfox-wrapper-api\lib\html-parsers\false-error-codes.js
FN:8,notFound200
FN:10,(anonymous_3)
FN:23,codeKo200
FN:25,(anonymous_5)
FNF:4
FNH:0
FNDA:0,notFound200
FNDA:0,(anonymous_3)
FNDA:0,codeKo200
FNDA:0,(anonymous_5)
DA:3,1
DA:4,1
DA:5,1
DA:8,1
DA:9,0
DA:10,0
DA:11,0
DA:12,0
DA:13,0
DA:14,0
DA:15,0
DA:16,0
DA:19,0
DA:23,1
DA:24,0
DA:25,0
DA:26,0
DA:27,0
DA:28,0
DA:29,0
DA:32,0
LF:21
LH:5
BRDA:12,1,0,0
BRDA:12,1,1,0
BRDA:26,2,0,0
BRDA:26,2,1,0
BRF:4
BRH:0
end_of_record
TN:
SF:d:\node\myfox-wrapper-api\lib\persistent-state.js
FN:12,(anonymous_6)
FN:13,PersistentState
FN:50,(anonymous_11)
FN:60,persistentState
FNF:4
FNH:4
FNDA:1,(anonymous_6)
FNDA:52,PersistentState
FNDA:1,(anonymous_11)
FNDA:52,persistentState
DA:3,1
DA:13,1
DA:14,52
DA:15,52
DA:16,52
DA:32,6
DA:33,5
DA:34,5
DA:36,1
DA:47,6
DA:48,5
DA:49,3
DA:50,3
DA:51,1
DA:54,5
DA:60,1
DA:61,52
LF:17
LH:17
BRDA:32,1,0,5
BRDA:32,1,1,1
BRDA:32,2,0,6
BRDA:32,2,1,6
BRDA:46,3,0,2
BRDA:46,3,1,4
BRDA:46,4,0,6
BRDA:46,4,1,4
BRDA:47,5,0,5
BRDA:47,5,1,1
BRDA:48,6,0,3
BRDA:48,6,1,2
BRDA:48,7,0,5
BRDA:48,7,1,3
BRF:14
BRH:14
end_of_record
TN:
SF:d:\node\myfox-wrapper-api\lib\index.js
FN:24,myfoxWrapperApi
FNF:1
FNH:1
FNDA:12,myfoxWrapperApi
DA:3,1
DA:4,1
DA:5,1
DA:6,1
DA:24,1
DA:26,12
DA:27,12
DA:28,8
DA:29,1
DA:32,8
DA:34,1
DA:36,5
DA:38,1
DA:40,1
DA:42,0
DA:47,1
DA:48,1
LF:17
LH:16
BRDA:28,1,0,1
BRDA:28,1,1,7
BRDA:28,2,0,8
BRDA:28,2,1,8
BRDA:33,3,0,1
BRDA:33,3,1,5
BRDA:33,3,2,1
BRDA:33,3,3,1
BRDA:33,3,4,0
BRF:9
BRH:8
end_of_record
TN:
SF:d:\node\myfox-wrapper-api\lib\rest-api.js
FN:5,(anonymous_5)
FN:10,myfoxWrapperApiRest
FNF:2
FNH:2
FNDA:1,(anonymous_5)
FNDA:10,myfoxWrapperApiRest
DA:3,1
DA:10,1
DA:11,10
LF:3
LH:3
BRF:0
BRH:0
end_of_record
TN:
SF:d:\node\myfox-wrapper-api\lib\common-api.js
FN:18,_notImplemented
FN:30,(anonymous_7)
FN:49,MyfoxWrapperApiCommon
FN:131,(anonymous_10)
FN:138,tryToAuthenticate
FN:139,(anonymous_12)
FN:160,(anonymous_13)
FN:169,(anonymous_14)
FNF:8
FNH:6
FNDA:0,_notImplemented
FNDA:1,(anonymous_7)
FNDA:23,MyfoxWrapperApiCommon
FNDA:1,(anonymous_10)
FNDA:12,tryToAuthenticate
FNDA:12,(anonymous_12)
FNDA:6,(anonymous_13)
FNDA:0,(anonymous_14)
DA:3,1
DA:5,1
DA:18,1
DA:19,0
DA:20,0
DA:22,0
DA:49,23
DA:50,23
DA:51,23
DA:53,23
DA:54,23
DA:55,2
DA:58,23
DA:62,23
DA:63,23
DA:64,23
DA:78,39
DA:92,35
DA:106,3
DA:127,6
DA:129,7
DA:130,1
DA:131,1
DA:132,1
DA:138,6
DA:139,12
DA:140,12
DA:141,8
DA:142,7
DA:143,7
DA:144,7
DA:146,1
DA:147,1
DA:148,1
DA:149,1
DA:152,4
DA:153,4
DA:154,4
DA:155,4
DA:156,4
DA:160,6
DA:161,6
DA:164,5
DA:165,5
DA:166,1
DA:167,1
DA:170,0
DA:177,6
DA:178,6
DA:191,0
DA:210,0
DA:226,0
DA:227,0
DA:228,0
DA:230,0
DA:240,0
LF:56
LH:45
BRDA:19,1,0,0
BRDA:19,1,1,0
BRDA:19,2,0,0
BRDA:19,2,1,0
BRDA:54,3,0,2
BRDA:54,3,1,21
BRDA:54,4,0,23
BRDA:54,4,1,23
BRDA:129,5,0,1
BRDA:129,5,1,6
BRDA:140,6,0,8
BRDA:140,6,1,4
BRDA:141,7,0,7
BRDA:141,7,1,1
BRDA:160,8,0,5
BRDA:160,8,1,1
BRDA:227,9,0,0
BRDA:227,9,1,0
BRDA:227,10,0,0
BRDA:227,10,1,0
BRF:20
BRH:12
end_of_record
TN:
SF:d:\node\myfox-wrapper-api\lib\html-api.js
FN:12,(anonymous_9)
FN:30,(anonymous_12)
FN:46,(anonymous_13)
FN:54,(anonymous_14)
FN:89,(anonymous_16)
FN:104,(anonymous_17)
FN:122,(anonymous_19)
FN:126,(anonymous_20)
FN:134,myfoxWrapperApiHtml
FNF:9
FNH:2
FNDA:1,(anonymous_9)
FNDA:0,(anonymous_12)
FNDA:0,(anonymous_13)
FNDA:0,(anonymous_14)
FNDA:0,(anonymous_16)
FNDA:0,(anonymous_17)
FNDA:0,(anonymous_19)
FNDA:0,(anonymous_20)
FNDA:8,myfoxWrapperApiHtml
DA:3,1
DA:4,1
DA:6,1
DA:7,1
DA:10,1
DA:22,0
DA:23,0
DA:27,0
DA:31,0
DA:32,0
DA:33,0
DA:34,0
DA:35,0
DA:36,0
DA:37,0
DA:42,0
DA:43,0
DA:47,0
DA:48,0
DA:55,0
DA:56,0
DA:58,0
DA:63,0
DA:64,0
DA:83,0
DA:84,0
DA:85,0
DA:90,0
DA:91,0
DA:92,0
DA:94,0
DA:95,0
DA:97,0
DA:99,0
DA:105,0
DA:106,0
DA:108,0
DA:121,0
DA:124,0
DA:127,0
DA:128,0
DA:134,1
DA:135,8
LF:43
LH:7
BRDA:22,1,0,0
BRDA:22,1,1,0
BRDA:33,2,0,0
BRDA:33,2,1,0
BRDA:47,3,0,0
BRDA:47,3,1,0
BRDA:55,4,0,0
BRDA:55,4,1,0
BRDA:55,5,0,0
BRDA:55,5,1,0
BRDA:90,6,0,0
BRDA:90,6,1,0
BRDA:91,7,0,0
BRDA:91,7,1,0
BRDA:91,8,0,0
BRDA:91,8,1,0
BRDA:94,9,0,0
BRDA:94,9,1,0
BRDA:94,10,0,0
BRDA:94,10,1,0
BRDA:94,10,2,0
BRDA:99,11,0,0
BRDA:99,11,1,0
BRDA:105,12,0,0
BRDA:105,12,1,0
BRDA:105,13,0,0
BRDA:105,13,1,0
BRF:27
BRH:0
end_of_record
TN:
SF:d:\node\myfox-wrapper-api\lib\html-parsers\home.js
FN:7,(anonymous_1)
FN:12,(anonymous_2)
FN:16,(anonymous_3)
FN:32,(anonymous_4)
FN:37,(anonymous_5)
FN:51,(anonymous_6)
FNF:6
FNH:0
FNDA:0,(anonymous_1)
FNDA:0,(anonymous_2)
FNDA:0,(anonymous_3)
FNDA:0,(anonymous_4)
FNDA:0,(anonymous_5)
FNDA:0,(anonymous_6)
DA:3,1
DA:4,1
DA:7,0
DA:8,0
DA:9,0
DA:13,0
DA:14,0
DA:15,0
DA:16,0
DA:17,0
DA:18,0
DA:19,0
DA:21,0
DA:22,0
DA:23,0
DA:26,0
DA:27,0
DA:33,0
DA:38,0
DA:39,0
DA:40,0
DA:41,0
DA:42,0
DA:43,0
DA:45,0
DA:52,0
DA:53,0
DA:56,0
LF:28
LH:2
BRDA:18,1,0,0
BRDA:18,1,1,0
BRDA:18,2,0,0
BRDA:18,2,1,0
BRDA:19,3,0,0
BRDA:19,3,1,0
BRDA:22,4,0,0
BRDA:22,4,1,0
BRDA:22,5,0,0
BRDA:22,5,1,0
BRDA:23,6,0,0
BRDA:23,6,1,0
BRDA:26,7,0,0
BRDA:26,7,1,0
BRDA:26,8,0,0
BRDA:26,8,1,0
BRDA:38,9,0,0
BRDA:38,9,1,0
BRDA:40,10,0,0
BRDA:40,10,1,0
BRDA:42,11,0,0
BRDA:42,11,1,0
BRF:22
BRH:0
end_of_record
TN:
SF:d:\node\myfox-wrapper-api\server\controller-express-v1.js
FN:22,(anonymous_3)
FN:29,(anonymous_4)
FN:34,(anonymous_5)
FN:39,(anonymous_6)
FN:44,(anonymous_7)
FN:49,(anonymous_8)
FN:56,test
FNF:7
FNH:1
FNDA:0,(anonymous_3)
FNDA:0,(anonymous_4)
FNDA:0,(anonymous_5)
FNDA:0,(anonymous_6)
FNDA:0,(anonymous_7)
FNDA:0,(anonymous_8)
FNDA:1,test
DA:3,1
DA:4,1
DA:5,1
DA:6,1
DA:7,1
DA:13,1
DA:14,1
DA:16,1
DA:17,2
DA:18,2
DA:21,2
DA:22,1
DA:23,0
DA:28,2
DA:29,2
DA:30,0
DA:33,2
DA:34,0
DA:35,0
DA:38,2
DA:39,0
DA:40,0
DA:43,2
DA:44,0
DA:45,0
DA:48,2
DA:49,0
DA:50,0
DA:56,1
DA:57,1
LF:30
LH:20
BRDA:18,1,0,2
BRDA:18,1,1,0
BRDA:21,2,0,1
BRDA:21,2,1,1
BRDA:21,3,0,2
BRDA:21,3,1,2
BRDA:23,4,0,0
BRDA:23,4,1,0
BRDA:28,5,0,2
BRDA:28,5,1,0
BRDA:28,6,0,2
BRDA:28,6,1,2
BRDA:30,7,0,0
BRDA:30,7,1,0
BRDA:33,8,0,0
BRDA:33,8,1,2
BRDA:33,9,0,2
BRDA:33,9,1,2
BRDA:35,10,0,0
BRDA:35,10,1,0
BRDA:38,11,0,0
BRDA:38,11,1,2
BRDA:38,12,0,2
BRDA:38,12,1,2
BRDA:40,13,0,0
BRDA:40,13,1,0
BRDA:43,14,0,0
BRDA:43,14,1,2
BRDA:43,15,0,2
BRDA:43,15,1,2
BRDA:45,16,0,0
BRDA:45,16,1,0
BRDA:48,17,0,0
BRDA:48,17,1,2
BRDA:48,18,0,2
BRDA:48,18,1,2
BRDA:50,19,0,0
BRDA:50,19,1,0
BRF:38
BRH:20
end_of_record
TN:
SF:d:\node\myfox-wrapper-api\server\credentials-prompter.js
FN:7,prompter
FNF:1
FNH:1
FNDA:1,prompter
DA:3,1
DA:4,1
DA:5,1
DA:7,1
DA:9,1
DA:10,1
DA:13,0
DA:14,0
DA:16,0
DA:17,0
DA:19,0
DA:20,0
DA:26,0
DA:32,0
DA:33,0
DA:37,0
DA:38,0
DA:43,0
DA:44,0
DA:46,0
LF:20
LH:6
BRDA:9,1,0,1
BRDA:9,1,1,0
BRDA:16,2,0,0
BRDA:16,2,1,0
BRDA:16,3,0,0
BRDA:16,3,1,0
BRDA:19,4,0,0
BRDA:19,4,1,0
BRDA:19,5,0,0
BRDA:19,5,1,0
BRDA:7,6,0,0
BRDA:7,6,1,0
BRDA:24,7,0,0
BRDA:24,7,1,0
BRDA:24,7,2,0
BRDA:32,8,0,0
BRDA:32,8,1,0
BRDA:32,9,0,0
BRDA:32,9,1,0
BRDA:37,10,0,0
BRDA:37,10,1,0
BRF:21
BRH:1
end_of_record
TN:
SF:d:\node\myfox-wrapper-api\server\routes-v1.js
FN:10,express
FN:16,express
FN:27,express
FN:28,(anonymous_4)
FNF:4
FNH:0
FNDA:0,express
FNDA:0,express
FNDA:0,express
FNDA:0,(anonymous_4)
DA:3,1
DA:12,0
DA:18,0
DA:28,0
DA:29,0
DA:30,0
DA:32,0
LF:7
LH:1
BRDA:29,1,0,0
BRDA:29,1,1,0
BRF:2
BRH:0
end_of_record
TN:
SF:d:\node\myfox-wrapper-api\server\application-express.js
FN:18,(anonymous_2)
FNF:1
FNH:0
FNDA:0,(anonymous_2)
DA:3,1
DA:4,1
DA:5,1
DA:6,1
DA:7,1
DA:8,1
DA:11,1
DA:12,1
DA:13,1
DA:16,1
DA:17,1
DA:18,1
DA:21,1
DA:22,0
DA:26,1
LF:15
LH:14
BRDA:13,1,0,1
BRDA:13,1,1,1
BRDA:21,2,0,0
BRDA:21,2,1,1
BRDA:22,3,0,0
BRDA:22,3,1,0
BRF:6
BRH:3
end_of_record
